[2022-09-08T19:28:42.088+0500] {taskinstance.py:1171} INFO - Dependencies all met for <TaskInstance: expectation_dag.expect_exist manual__2022-09-08T14:28:26.609689+00:00 [queued]>
[2022-09-08T19:28:42.093+0500] {taskinstance.py:1171} INFO - Dependencies all met for <TaskInstance: expectation_dag.expect_exist manual__2022-09-08T14:28:26.609689+00:00 [queued]>
[2022-09-08T19:28:42.093+0500] {taskinstance.py:1368} INFO - 
--------------------------------------------------------------------------------
[2022-09-08T19:28:42.094+0500] {taskinstance.py:1369} INFO - Starting attempt 1 of 1
[2022-09-08T19:28:42.094+0500] {taskinstance.py:1370} INFO - 
--------------------------------------------------------------------------------
[2022-09-08T19:28:42.107+0500] {taskinstance.py:1389} INFO - Executing <Task(PythonOperator): expect_exist> on 2022-09-08 14:28:26.609689+00:00
[2022-09-08T19:28:42.111+0500] {standard_task_runner.py:52} INFO - Started process 1079959 to run task
[2022-09-08T19:28:42.113+0500] {standard_task_runner.py:79} INFO - Running: ['airflow', 'tasks', 'run', 'expectation_dag', 'expect_exist', 'manual__2022-09-08T14:28:26.609689+00:00', '--job-id', '56', '--raw', '--subdir', 'DAGS_FOLDER/expectation_dag.py', '--cfg-path', '/tmp/tmpx00pxgsa', '--error-file', '/tmp/tmp693xyr_8']
[2022-09-08T19:28:42.114+0500] {standard_task_runner.py:80} INFO - Job 56: Subtask expect_exist
[2022-09-08T19:28:42.148+0500] {task_command.py:371} INFO - Running <TaskInstance: expectation_dag.expect_exist manual__2022-09-08T14:28:26.609689+00:00 [running]> on host shahroze
[2022-09-08T19:28:42.190+0500] {taskinstance.py:1581} INFO - Exporting the following env vars:
AIRFLOW_CTX_DAG_OWNER=airflow
AIRFLOW_CTX_DAG_ID=expectation_dag
AIRFLOW_CTX_TASK_ID=expect_exist
AIRFLOW_CTX_EXECUTION_DATE=2022-09-08T14:28:26.609689+00:00
AIRFLOW_CTX_TRY_NUMBER=1
AIRFLOW_CTX_DAG_RUN_ID=manual__2022-09-08T14:28:26.609689+00:00
[2022-09-08T19:28:42.191+0500] {python.py:173} INFO - Done. Returned value was: True
[2022-09-08T19:28:42.208+0500] {taskinstance.py:1407} INFO - Marking task as SUCCESS. dag_id=expectation_dag, task_id=expect_exist, execution_date=20220908T142826, start_date=20220908T142842, end_date=20220908T142842
[2022-09-08T19:28:42.245+0500] {local_task_job.py:156} INFO - Task exited with return code 0
[2022-09-08T19:28:42.258+0500] {local_task_job.py:279} INFO - 0 downstream tasks scheduled from follow-on schedule check
