[2022-09-08T19:27:52.673+0500] {taskinstance.py:1171} INFO - Dependencies all met for <TaskInstance: expectation_dag.expect_exist manual__2022-09-08T14:27:35.054684+00:00 [queued]>
[2022-09-08T19:27:52.678+0500] {taskinstance.py:1171} INFO - Dependencies all met for <TaskInstance: expectation_dag.expect_exist manual__2022-09-08T14:27:35.054684+00:00 [queued]>
[2022-09-08T19:27:52.678+0500] {taskinstance.py:1368} INFO - 
--------------------------------------------------------------------------------
[2022-09-08T19:27:52.678+0500] {taskinstance.py:1369} INFO - Starting attempt 1 of 1
[2022-09-08T19:27:52.678+0500] {taskinstance.py:1370} INFO - 
--------------------------------------------------------------------------------
[2022-09-08T19:27:52.692+0500] {taskinstance.py:1389} INFO - Executing <Task(PythonOperator): expect_exist> on 2022-09-08 14:27:35.054684+00:00
[2022-09-08T19:27:52.695+0500] {standard_task_runner.py:52} INFO - Started process 1079678 to run task
[2022-09-08T19:27:52.697+0500] {standard_task_runner.py:79} INFO - Running: ['airflow', 'tasks', 'run', 'expectation_dag', 'expect_exist', 'manual__2022-09-08T14:27:35.054684+00:00', '--job-id', '50', '--raw', '--subdir', 'DAGS_FOLDER/expectation_dag.py', '--cfg-path', '/tmp/tmppg41g2tn', '--error-file', '/tmp/tmp9zasf35h']
[2022-09-08T19:27:52.698+0500] {standard_task_runner.py:80} INFO - Job 50: Subtask expect_exist
[2022-09-08T19:27:52.753+0500] {task_command.py:371} INFO - Running <TaskInstance: expectation_dag.expect_exist manual__2022-09-08T14:27:35.054684+00:00 [running]> on host shahroze
[2022-09-08T19:27:52.797+0500] {taskinstance.py:1581} INFO - Exporting the following env vars:
AIRFLOW_CTX_DAG_OWNER=airflow
AIRFLOW_CTX_DAG_ID=expectation_dag
AIRFLOW_CTX_TASK_ID=expect_exist
AIRFLOW_CTX_EXECUTION_DATE=2022-09-08T14:27:35.054684+00:00
AIRFLOW_CTX_TRY_NUMBER=1
AIRFLOW_CTX_DAG_RUN_ID=manual__2022-09-08T14:27:35.054684+00:00
[2022-09-08T19:27:52.799+0500] {python.py:173} INFO - Done. Returned value was: True
[2022-09-08T19:27:52.818+0500] {taskinstance.py:1407} INFO - Marking task as SUCCESS. dag_id=expectation_dag, task_id=expect_exist, execution_date=20220908T142735, start_date=20220908T142752, end_date=20220908T142752
[2022-09-08T19:27:52.870+0500] {local_task_job.py:156} INFO - Task exited with return code 0
[2022-09-08T19:27:52.886+0500] {local_task_job.py:279} INFO - 0 downstream tasks scheduled from follow-on schedule check
