[2022-09-09T11:14:21.592+0500] {taskinstance.py:1171} INFO - Dependencies all met for <TaskInstance: expectation_dag.expect_min scheduled__2022-09-08T00:00:00+00:00 [queued]>
[2022-09-09T11:14:21.597+0500] {taskinstance.py:1171} INFO - Dependencies all met for <TaskInstance: expectation_dag.expect_min scheduled__2022-09-08T00:00:00+00:00 [queued]>
[2022-09-09T11:14:21.597+0500] {taskinstance.py:1368} INFO - 
--------------------------------------------------------------------------------
[2022-09-09T11:14:21.597+0500] {taskinstance.py:1369} INFO - Starting attempt 1 of 1
[2022-09-09T11:14:21.597+0500] {taskinstance.py:1370} INFO - 
--------------------------------------------------------------------------------
[2022-09-09T11:14:21.611+0500] {taskinstance.py:1389} INFO - Executing <Task(PythonOperator): expect_min> on 2022-09-08 00:00:00+00:00
[2022-09-09T11:14:21.616+0500] {standard_task_runner.py:52} INFO - Started process 1127885 to run task
[2022-09-09T11:14:21.618+0500] {standard_task_runner.py:79} INFO - Running: ['airflow', 'tasks', 'run', 'expectation_dag', 'expect_min', 'scheduled__2022-09-08T00:00:00+00:00', '--job-id', '61', '--raw', '--subdir', 'DAGS_FOLDER/expectation_dag.py', '--cfg-path', '/tmp/tmp1b784lvi', '--error-file', '/tmp/tmp0ipe0cka']
[2022-09-09T11:14:21.618+0500] {standard_task_runner.py:80} INFO - Job 61: Subtask expect_min
[2022-09-09T11:14:21.655+0500] {task_command.py:371} INFO - Running <TaskInstance: expectation_dag.expect_min scheduled__2022-09-08T00:00:00+00:00 [running]> on host shahroze
[2022-09-09T11:14:21.702+0500] {taskinstance.py:1581} INFO - Exporting the following env vars:
AIRFLOW_CTX_DAG_OWNER=airflow
AIRFLOW_CTX_DAG_ID=expectation_dag
AIRFLOW_CTX_TASK_ID=expect_min
AIRFLOW_CTX_EXECUTION_DATE=2022-09-08T00:00:00+00:00
AIRFLOW_CTX_TRY_NUMBER=1
AIRFLOW_CTX_DAG_RUN_ID=scheduled__2022-09-08T00:00:00+00:00
[2022-09-09T11:14:21.706+0500] {python.py:173} INFO - Done. Returned value was: True
[2022-09-09T11:14:21.723+0500] {taskinstance.py:1407} INFO - Marking task as SUCCESS. dag_id=expectation_dag, task_id=expect_min, execution_date=20220908T000000, start_date=20220909T061421, end_date=20220909T061421
[2022-09-09T11:14:21.749+0500] {local_task_job.py:156} INFO - Task exited with return code 0
[2022-09-09T11:14:21.768+0500] {local_task_job.py:279} INFO - 0 downstream tasks scheduled from follow-on schedule check
