[2022-09-08T19:21:44.943+0500] {taskinstance.py:1171} INFO - Dependencies all met for <TaskInstance: expectation_dag.Expect_unique manual__2022-09-08T14:21:24.959695+00:00 [queued]>
[2022-09-08T19:21:44.949+0500] {taskinstance.py:1171} INFO - Dependencies all met for <TaskInstance: expectation_dag.Expect_unique manual__2022-09-08T14:21:24.959695+00:00 [queued]>
[2022-09-08T19:21:44.949+0500] {taskinstance.py:1368} INFO - 
--------------------------------------------------------------------------------
[2022-09-08T19:21:44.949+0500] {taskinstance.py:1369} INFO - Starting attempt 1 of 1
[2022-09-08T19:21:44.949+0500] {taskinstance.py:1370} INFO - 
--------------------------------------------------------------------------------
[2022-09-08T19:21:44.963+0500] {taskinstance.py:1389} INFO - Executing <Task(PythonOperator): Expect_unique> on 2022-09-08 14:21:24.959695+00:00
[2022-09-08T19:21:44.968+0500] {standard_task_runner.py:52} INFO - Started process 1078013 to run task
[2022-09-08T19:21:44.970+0500] {standard_task_runner.py:79} INFO - Running: ['airflow', 'tasks', 'run', 'expectation_dag', 'Expect_unique', 'manual__2022-09-08T14:21:24.959695+00:00', '--job-id', '45', '--raw', '--subdir', 'DAGS_FOLDER/expectation_dag.py', '--cfg-path', '/tmp/tmp7hu8b8tl', '--error-file', '/tmp/tmptrzqrhga']
[2022-09-08T19:21:44.970+0500] {standard_task_runner.py:80} INFO - Job 45: Subtask Expect_unique
[2022-09-08T19:21:45.009+0500] {task_command.py:371} INFO - Running <TaskInstance: expectation_dag.Expect_unique manual__2022-09-08T14:21:24.959695+00:00 [running]> on host shahroze
[2022-09-08T19:21:45.053+0500] {taskinstance.py:1581} INFO - Exporting the following env vars:
AIRFLOW_CTX_DAG_OWNER=airflow
AIRFLOW_CTX_DAG_ID=expectation_dag
AIRFLOW_CTX_TASK_ID=Expect_unique
AIRFLOW_CTX_EXECUTION_DATE=2022-09-08T14:21:24.959695+00:00
AIRFLOW_CTX_TRY_NUMBER=1
AIRFLOW_CTX_DAG_RUN_ID=manual__2022-09-08T14:21:24.959695+00:00
[2022-09-08T19:21:45.059+0500] {logging_mixin.py:115} INFO - {
  "success": true,
  "meta": {},
  "expectation_config": {
    "expectation_type": "expect_column_unique_value_count_to_be_between",
    "meta": {},
    "kwargs": {
      "column": "trip_distance",
      "min_value": 1000,
      "max_value": 6000,
      "result_format": "BASIC"
    }
  },
  "result": {
    "observed_value": 1184,
    "element_count": 10000,
    "missing_count": null,
    "missing_percent": null
  },
  "exception_info": {
    "raised_exception": false,
    "exception_traceback": null,
    "exception_message": null
  }
}
[2022-09-08T19:21:45.059+0500] {python.py:173} INFO - Done. Returned value was: None
[2022-09-08T19:21:45.064+0500] {taskinstance.py:1407} INFO - Marking task as SUCCESS. dag_id=expectation_dag, task_id=Expect_unique, execution_date=20220908T142124, start_date=20220908T142144, end_date=20220908T142145
[2022-09-08T19:21:45.101+0500] {local_task_job.py:156} INFO - Task exited with return code 0
[2022-09-08T19:21:45.115+0500] {local_task_job.py:279} INFO - 0 downstream tasks scheduled from follow-on schedule check
