[2022-09-08T17:53:46.719+0500] {taskinstance.py:1171} INFO - Dependencies all met for <TaskInstance: expectation_dag.expectation1 manual__2022-09-08T12:53:42.560088+00:00 [queued]>
[2022-09-08T17:53:46.724+0500] {taskinstance.py:1171} INFO - Dependencies all met for <TaskInstance: expectation_dag.expectation1 manual__2022-09-08T12:53:42.560088+00:00 [queued]>
[2022-09-08T17:53:46.724+0500] {taskinstance.py:1368} INFO - 
--------------------------------------------------------------------------------
[2022-09-08T17:53:46.724+0500] {taskinstance.py:1369} INFO - Starting attempt 1 of 1
[2022-09-08T17:53:46.724+0500] {taskinstance.py:1370} INFO - 
--------------------------------------------------------------------------------
[2022-09-08T17:53:46.739+0500] {taskinstance.py:1389} INFO - Executing <Task(PythonOperator): expectation1> on 2022-09-08 12:53:42.560088+00:00
[2022-09-08T17:53:46.745+0500] {standard_task_runner.py:52} INFO - Started process 1055077 to run task
[2022-09-08T17:53:46.748+0500] {standard_task_runner.py:79} INFO - Running: ['airflow', 'tasks', 'run', 'expectation_dag', 'expectation1', 'manual__2022-09-08T12:53:42.560088+00:00', '--job-id', '10', '--raw', '--subdir', 'DAGS_FOLDER/expectation_dag.py', '--cfg-path', '/tmp/tmprn5vg2of', '--error-file', '/tmp/tmpt_puq5ql']
[2022-09-08T17:53:46.749+0500] {standard_task_runner.py:80} INFO - Job 10: Subtask expectation1
[2022-09-08T17:53:46.792+0500] {task_command.py:371} INFO - Running <TaskInstance: expectation_dag.expectation1 manual__2022-09-08T12:53:42.560088+00:00 [running]> on host shahroze
[2022-09-08T17:53:46.838+0500] {taskinstance.py:1581} INFO - Exporting the following env vars:
AIRFLOW_CTX_DAG_OWNER=airflow
AIRFLOW_CTX_DAG_ID=expectation_dag
AIRFLOW_CTX_TASK_ID=expectation1
AIRFLOW_CTX_EXECUTION_DATE=2022-09-08T12:53:42.560088+00:00
AIRFLOW_CTX_TRY_NUMBER=1
AIRFLOW_CTX_DAG_RUN_ID=manual__2022-09-08T12:53:42.560088+00:00
[2022-09-08T17:53:46.842+0500] {logging_mixin.py:115} INFO - {
  "result": {
    "element_count": 10000,
    "missing_count": 0,
    "missing_percent": 0.0,
    "unexpected_count": 252,
    "unexpected_percent": 2.52,
    "unexpected_percent_total": 2.52,
    "unexpected_percent_nonmissing": 2.52,
    "partial_unexpected_list": [
      6,
      6,
      6,
      6,
      6,
      6,
      6,
      6,
      6,
      6,
      6,
      6,
      6,
      6,
      6,
      6,
      6,
      6,
      6,
      6
    ]
  },
  "meta": {},
  "expectation_config": {
    "meta": {},
    "expectation_type": "expect_column_values_to_be_in_set",
    "kwargs": {
      "column": "passenger_count",
      "value_set": [
        1,
        2,
        3,
        4,
        5
      ],
      "result_format": "BASIC"
    }
  },
  "exception_info": {
    "raised_exception": false,
    "exception_traceback": null,
    "exception_message": null
  },
  "success": false
}
[2022-09-08T17:53:46.842+0500] {python.py:173} INFO - Done. Returned value was: None
[2022-09-08T17:53:46.847+0500] {taskinstance.py:1407} INFO - Marking task as SUCCESS. dag_id=expectation_dag, task_id=expectation1, execution_date=20220908T125342, start_date=20220908T125346, end_date=20220908T125346
[2022-09-08T17:53:46.880+0500] {local_task_job.py:156} INFO - Task exited with return code 0
[2022-09-08T17:53:46.893+0500] {local_task_job.py:279} INFO - 0 downstream tasks scheduled from follow-on schedule check
