[2022-09-08T19:27:40.115+0500] {taskinstance.py:1171} INFO - Dependencies all met for <TaskInstance: expectation_dag.check_file_read manual__2022-09-08T14:27:35.054684+00:00 [queued]>
[2022-09-08T19:27:40.119+0500] {taskinstance.py:1171} INFO - Dependencies all met for <TaskInstance: expectation_dag.check_file_read manual__2022-09-08T14:27:35.054684+00:00 [queued]>
[2022-09-08T19:27:40.120+0500] {taskinstance.py:1368} INFO - 
--------------------------------------------------------------------------------
[2022-09-08T19:27:40.120+0500] {taskinstance.py:1369} INFO - Starting attempt 1 of 1
[2022-09-08T19:27:40.120+0500] {taskinstance.py:1370} INFO - 
--------------------------------------------------------------------------------
[2022-09-08T19:27:40.133+0500] {taskinstance.py:1389} INFO - Executing <Task(PythonOperator): check_file_read> on 2022-09-08 14:27:35.054684+00:00
[2022-09-08T19:27:40.137+0500] {standard_task_runner.py:52} INFO - Started process 1079576 to run task
[2022-09-08T19:27:40.139+0500] {standard_task_runner.py:79} INFO - Running: ['airflow', 'tasks', 'run', 'expectation_dag', 'check_file_read', 'manual__2022-09-08T14:27:35.054684+00:00', '--job-id', '46', '--raw', '--subdir', 'DAGS_FOLDER/expectation_dag.py', '--cfg-path', '/tmp/tmpvg0q368d', '--error-file', '/tmp/tmpotg6frqf']
[2022-09-08T19:27:40.139+0500] {standard_task_runner.py:80} INFO - Job 46: Subtask check_file_read
[2022-09-08T19:27:40.174+0500] {task_command.py:371} INFO - Running <TaskInstance: expectation_dag.check_file_read manual__2022-09-08T14:27:35.054684+00:00 [running]> on host shahroze
[2022-09-08T19:27:40.219+0500] {taskinstance.py:1581} INFO - Exporting the following env vars:
AIRFLOW_CTX_DAG_OWNER=airflow
AIRFLOW_CTX_DAG_ID=expectation_dag
AIRFLOW_CTX_TASK_ID=check_file_read
AIRFLOW_CTX_EXECUTION_DATE=2022-09-08T14:27:35.054684+00:00
AIRFLOW_CTX_TRY_NUMBER=1
AIRFLOW_CTX_DAG_RUN_ID=manual__2022-09-08T14:27:35.054684+00:00
[2022-09-08T19:27:40.220+0500] {python.py:173} INFO - Done. Returned value was: True
[2022-09-08T19:27:40.236+0500] {taskinstance.py:1407} INFO - Marking task as SUCCESS. dag_id=expectation_dag, task_id=check_file_read, execution_date=20220908T142735, start_date=20220908T142740, end_date=20220908T142740
[2022-09-08T19:27:40.270+0500] {local_task_job.py:156} INFO - Task exited with return code 0
[2022-09-08T19:27:40.297+0500] {local_task_job.py:279} INFO - 5 downstream tasks scheduled from follow-on schedule check
