[2022-09-08T19:28:45.257+0500] {taskinstance.py:1171} INFO - Dependencies all met for <TaskInstance: expectation_dag.Expect_unique manual__2022-09-08T14:28:26.609689+00:00 [queued]>
[2022-09-08T19:28:45.264+0500] {taskinstance.py:1171} INFO - Dependencies all met for <TaskInstance: expectation_dag.Expect_unique manual__2022-09-08T14:28:26.609689+00:00 [queued]>
[2022-09-08T19:28:45.264+0500] {taskinstance.py:1368} INFO - 
--------------------------------------------------------------------------------
[2022-09-08T19:28:45.264+0500] {taskinstance.py:1369} INFO - Starting attempt 1 of 1
[2022-09-08T19:28:45.264+0500] {taskinstance.py:1370} INFO - 
--------------------------------------------------------------------------------
[2022-09-08T19:28:45.279+0500] {taskinstance.py:1389} INFO - Executing <Task(PythonOperator): Expect_unique> on 2022-09-08 14:28:26.609689+00:00
[2022-09-08T19:28:45.283+0500] {standard_task_runner.py:52} INFO - Started process 1079980 to run task
[2022-09-08T19:28:45.285+0500] {standard_task_runner.py:79} INFO - Running: ['airflow', 'tasks', 'run', 'expectation_dag', 'Expect_unique', 'manual__2022-09-08T14:28:26.609689+00:00', '--job-id', '57', '--raw', '--subdir', 'DAGS_FOLDER/expectation_dag.py', '--cfg-path', '/tmp/tmp3fv3dgcp', '--error-file', '/tmp/tmpmur01wn_']
[2022-09-08T19:28:45.286+0500] {standard_task_runner.py:80} INFO - Job 57: Subtask Expect_unique
[2022-09-08T19:28:45.336+0500] {task_command.py:371} INFO - Running <TaskInstance: expectation_dag.Expect_unique manual__2022-09-08T14:28:26.609689+00:00 [running]> on host shahroze
[2022-09-08T19:28:45.382+0500] {taskinstance.py:1581} INFO - Exporting the following env vars:
AIRFLOW_CTX_DAG_OWNER=airflow
AIRFLOW_CTX_DAG_ID=expectation_dag
AIRFLOW_CTX_TASK_ID=Expect_unique
AIRFLOW_CTX_EXECUTION_DATE=2022-09-08T14:28:26.609689+00:00
AIRFLOW_CTX_TRY_NUMBER=1
AIRFLOW_CTX_DAG_RUN_ID=manual__2022-09-08T14:28:26.609689+00:00
[2022-09-08T19:28:45.386+0500] {python.py:173} INFO - Done. Returned value was: True
[2022-09-08T19:28:45.403+0500] {taskinstance.py:1407} INFO - Marking task as SUCCESS. dag_id=expectation_dag, task_id=Expect_unique, execution_date=20220908T142826, start_date=20220908T142845, end_date=20220908T142845
[2022-09-08T19:28:45.433+0500] {local_task_job.py:156} INFO - Task exited with return code 0
[2022-09-08T19:28:45.446+0500] {local_task_job.py:279} INFO - 0 downstream tasks scheduled from follow-on schedule check
