[2022-09-08T18:49:08.609+0500] {taskinstance.py:1171} INFO - Dependencies all met for <TaskInstance: expectation_dag.expect_values_in_set manual__2022-09-08T13:49:05.304007+00:00 [queued]>
[2022-09-08T18:49:08.613+0500] {taskinstance.py:1171} INFO - Dependencies all met for <TaskInstance: expectation_dag.expect_values_in_set manual__2022-09-08T13:49:05.304007+00:00 [queued]>
[2022-09-08T18:49:08.614+0500] {taskinstance.py:1368} INFO - 
--------------------------------------------------------------------------------
[2022-09-08T18:49:08.614+0500] {taskinstance.py:1369} INFO - Starting attempt 1 of 1
[2022-09-08T18:49:08.614+0500] {taskinstance.py:1370} INFO - 
--------------------------------------------------------------------------------
[2022-09-08T18:49:08.628+0500] {taskinstance.py:1389} INFO - Executing <Task(PythonOperator): expect_values_in_set> on 2022-09-08 13:49:05.304007+00:00
[2022-09-08T18:49:08.631+0500] {standard_task_runner.py:52} INFO - Started process 1069586 to run task
[2022-09-08T18:49:08.633+0500] {standard_task_runner.py:79} INFO - Running: ['airflow', 'tasks', 'run', 'expectation_dag', 'expect_values_in_set', 'manual__2022-09-08T13:49:05.304007+00:00', '--job-id', '27', '--raw', '--subdir', 'DAGS_FOLDER/expectation_dag.py', '--cfg-path', '/tmp/tmpm5axdjli', '--error-file', '/tmp/tmpapebyqg9']
[2022-09-08T18:49:08.634+0500] {standard_task_runner.py:80} INFO - Job 27: Subtask expect_values_in_set
[2022-09-08T18:49:08.692+0500] {task_command.py:371} INFO - Running <TaskInstance: expectation_dag.expect_values_in_set manual__2022-09-08T13:49:05.304007+00:00 [running]> on host shahroze
[2022-09-08T18:49:08.735+0500] {taskinstance.py:1581} INFO - Exporting the following env vars:
AIRFLOW_CTX_DAG_OWNER=airflow
AIRFLOW_CTX_DAG_ID=expectation_dag
AIRFLOW_CTX_TASK_ID=expect_values_in_set
AIRFLOW_CTX_EXECUTION_DATE=2022-09-08T13:49:05.304007+00:00
AIRFLOW_CTX_TRY_NUMBER=1
AIRFLOW_CTX_DAG_RUN_ID=manual__2022-09-08T13:49:05.304007+00:00
[2022-09-08T18:49:08.739+0500] {python.py:173} INFO - Done. Returned value was: True
[2022-09-08T18:49:08.759+0500] {taskinstance.py:1407} INFO - Marking task as SUCCESS. dag_id=expectation_dag, task_id=expect_values_in_set, execution_date=20220908T134905, start_date=20220908T134908, end_date=20220908T134908
[2022-09-08T18:49:08.806+0500] {local_task_job.py:156} INFO - Task exited with return code 0
[2022-09-08T18:49:08.829+0500] {local_task_job.py:279} INFO - 4 downstream tasks scheduled from follow-on schedule check
