[2022-09-08T18:49:12.155+0500] {taskinstance.py:1171} INFO - Dependencies all met for <TaskInstance: expectation_dag.expect_mean manual__2022-09-08T13:49:05.304007+00:00 [queued]>
[2022-09-08T18:49:12.160+0500] {taskinstance.py:1171} INFO - Dependencies all met for <TaskInstance: expectation_dag.expect_mean manual__2022-09-08T13:49:05.304007+00:00 [queued]>
[2022-09-08T18:49:12.161+0500] {taskinstance.py:1368} INFO - 
--------------------------------------------------------------------------------
[2022-09-08T18:49:12.161+0500] {taskinstance.py:1369} INFO - Starting attempt 1 of 1
[2022-09-08T18:49:12.161+0500] {taskinstance.py:1370} INFO - 
--------------------------------------------------------------------------------
[2022-09-08T18:49:12.175+0500] {taskinstance.py:1389} INFO - Executing <Task(PythonOperator): expect_mean> on 2022-09-08 13:49:05.304007+00:00
[2022-09-08T18:49:12.180+0500] {standard_task_runner.py:52} INFO - Started process 1069615 to run task
[2022-09-08T18:49:12.182+0500] {standard_task_runner.py:79} INFO - Running: ['airflow', 'tasks', 'run', 'expectation_dag', 'expect_mean', 'manual__2022-09-08T13:49:05.304007+00:00', '--job-id', '28', '--raw', '--subdir', 'DAGS_FOLDER/expectation_dag.py', '--cfg-path', '/tmp/tmphof0ikjv', '--error-file', '/tmp/tmp8m5jr5bv']
[2022-09-08T18:49:12.183+0500] {standard_task_runner.py:80} INFO - Job 28: Subtask expect_mean
[2022-09-08T18:49:12.222+0500] {task_command.py:371} INFO - Running <TaskInstance: expectation_dag.expect_mean manual__2022-09-08T13:49:05.304007+00:00 [running]> on host shahroze
[2022-09-08T18:49:12.269+0500] {taskinstance.py:1581} INFO - Exporting the following env vars:
AIRFLOW_CTX_DAG_OWNER=airflow
AIRFLOW_CTX_DAG_ID=expectation_dag
AIRFLOW_CTX_TASK_ID=expect_mean
AIRFLOW_CTX_EXECUTION_DATE=2022-09-08T13:49:05.304007+00:00
AIRFLOW_CTX_TRY_NUMBER=1
AIRFLOW_CTX_DAG_RUN_ID=manual__2022-09-08T13:49:05.304007+00:00
[2022-09-08T18:49:12.273+0500] {logging_mixin.py:115} INFO - {
  "expectation_config": {
    "meta": {},
    "expectation_type": "expect_column_mean_to_be_between",
    "kwargs": {
      "column": "trip_distance",
      "min_value": 0,
      "max_value": 3,
      "result_format": "BASIC"
    }
  },
  "meta": {},
  "result": {
    "observed_value": 2.7589909999999995,
    "element_count": 10000,
    "missing_count": null,
    "missing_percent": null
  },
  "success": true,
  "exception_info": {
    "raised_exception": false,
    "exception_traceback": null,
    "exception_message": null
  }
}
[2022-09-08T18:49:12.274+0500] {python.py:173} INFO - Done. Returned value was: None
[2022-09-08T18:49:12.279+0500] {taskinstance.py:1407} INFO - Marking task as SUCCESS. dag_id=expectation_dag, task_id=expect_mean, execution_date=20220908T134905, start_date=20220908T134912, end_date=20220908T134912
[2022-09-08T18:49:12.314+0500] {local_task_job.py:156} INFO - Task exited with return code 0
[2022-09-08T18:49:12.328+0500] {local_task_job.py:279} INFO - 0 downstream tasks scheduled from follow-on schedule check
