[2022-09-09T11:14:28.933+0500] {taskinstance.py:1171} INFO - Dependencies all met for <TaskInstance: expectation_dag.Expect_unique scheduled__2022-09-08T00:00:00+00:00 [queued]>
[2022-09-09T11:14:28.938+0500] {taskinstance.py:1171} INFO - Dependencies all met for <TaskInstance: expectation_dag.Expect_unique scheduled__2022-09-08T00:00:00+00:00 [queued]>
[2022-09-09T11:14:28.939+0500] {taskinstance.py:1368} INFO - 
--------------------------------------------------------------------------------
[2022-09-09T11:14:28.939+0500] {taskinstance.py:1369} INFO - Starting attempt 1 of 1
[2022-09-09T11:14:28.939+0500] {taskinstance.py:1370} INFO - 
--------------------------------------------------------------------------------
[2022-09-09T11:14:28.955+0500] {taskinstance.py:1389} INFO - Executing <Task(PythonOperator): Expect_unique> on 2022-09-08 00:00:00+00:00
[2022-09-09T11:14:28.962+0500] {standard_task_runner.py:52} INFO - Started process 1127957 to run task
[2022-09-09T11:14:28.964+0500] {standard_task_runner.py:79} INFO - Running: ['airflow', 'tasks', 'run', 'expectation_dag', 'Expect_unique', 'scheduled__2022-09-08T00:00:00+00:00', '--job-id', '63', '--raw', '--subdir', 'DAGS_FOLDER/expectation_dag.py', '--cfg-path', '/tmp/tmpaw4g6kdm', '--error-file', '/tmp/tmpkejsukms']
[2022-09-09T11:14:28.965+0500] {standard_task_runner.py:80} INFO - Job 63: Subtask Expect_unique
[2022-09-09T11:14:29.008+0500] {task_command.py:371} INFO - Running <TaskInstance: expectation_dag.Expect_unique scheduled__2022-09-08T00:00:00+00:00 [running]> on host shahroze
[2022-09-09T11:14:29.077+0500] {taskinstance.py:1581} INFO - Exporting the following env vars:
AIRFLOW_CTX_DAG_OWNER=airflow
AIRFLOW_CTX_DAG_ID=expectation_dag
AIRFLOW_CTX_TASK_ID=Expect_unique
AIRFLOW_CTX_EXECUTION_DATE=2022-09-08T00:00:00+00:00
AIRFLOW_CTX_TRY_NUMBER=1
AIRFLOW_CTX_DAG_RUN_ID=scheduled__2022-09-08T00:00:00+00:00
[2022-09-09T11:14:29.084+0500] {python.py:173} INFO - Done. Returned value was: True
[2022-09-09T11:14:29.116+0500] {taskinstance.py:1407} INFO - Marking task as SUCCESS. dag_id=expectation_dag, task_id=Expect_unique, execution_date=20220908T000000, start_date=20220909T061428, end_date=20220909T061429
[2022-09-09T11:14:29.176+0500] {local_task_job.py:156} INFO - Task exited with return code 0
[2022-09-09T11:14:29.189+0500] {local_task_job.py:279} INFO - 0 downstream tasks scheduled from follow-on schedule check
