[2022-09-09T11:14:25.192+0500] {taskinstance.py:1171} INFO - Dependencies all met for <TaskInstance: expectation_dag.expect_exist scheduled__2022-09-08T00:00:00+00:00 [queued]>
[2022-09-09T11:14:25.200+0500] {taskinstance.py:1171} INFO - Dependencies all met for <TaskInstance: expectation_dag.expect_exist scheduled__2022-09-08T00:00:00+00:00 [queued]>
[2022-09-09T11:14:25.200+0500] {taskinstance.py:1368} INFO - 
--------------------------------------------------------------------------------
[2022-09-09T11:14:25.201+0500] {taskinstance.py:1369} INFO - Starting attempt 1 of 1
[2022-09-09T11:14:25.201+0500] {taskinstance.py:1370} INFO - 
--------------------------------------------------------------------------------
[2022-09-09T11:14:25.228+0500] {taskinstance.py:1389} INFO - Executing <Task(PythonOperator): expect_exist> on 2022-09-08 00:00:00+00:00
[2022-09-09T11:14:25.236+0500] {standard_task_runner.py:52} INFO - Started process 1127927 to run task
[2022-09-09T11:14:25.243+0500] {standard_task_runner.py:79} INFO - Running: ['airflow', 'tasks', 'run', 'expectation_dag', 'expect_exist', 'scheduled__2022-09-08T00:00:00+00:00', '--job-id', '62', '--raw', '--subdir', 'DAGS_FOLDER/expectation_dag.py', '--cfg-path', '/tmp/tmpb4ctdnl_', '--error-file', '/tmp/tmp5k3479aw']
[2022-09-09T11:14:25.245+0500] {standard_task_runner.py:80} INFO - Job 62: Subtask expect_exist
[2022-09-09T11:14:25.302+0500] {task_command.py:371} INFO - Running <TaskInstance: expectation_dag.expect_exist scheduled__2022-09-08T00:00:00+00:00 [running]> on host shahroze
[2022-09-09T11:14:25.368+0500] {taskinstance.py:1581} INFO - Exporting the following env vars:
AIRFLOW_CTX_DAG_OWNER=airflow
AIRFLOW_CTX_DAG_ID=expectation_dag
AIRFLOW_CTX_TASK_ID=expect_exist
AIRFLOW_CTX_EXECUTION_DATE=2022-09-08T00:00:00+00:00
AIRFLOW_CTX_TRY_NUMBER=1
AIRFLOW_CTX_DAG_RUN_ID=scheduled__2022-09-08T00:00:00+00:00
[2022-09-09T11:14:25.369+0500] {python.py:173} INFO - Done. Returned value was: True
[2022-09-09T11:14:25.391+0500] {taskinstance.py:1407} INFO - Marking task as SUCCESS. dag_id=expectation_dag, task_id=expect_exist, execution_date=20220908T000000, start_date=20220909T061425, end_date=20220909T061425
[2022-09-09T11:14:25.415+0500] {local_task_job.py:156} INFO - Task exited with return code 0
[2022-09-09T11:14:25.435+0500] {local_task_job.py:279} INFO - 0 downstream tasks scheduled from follow-on schedule check
